26-02-05 16:32:50.701 [background-preinit] INFO  o.h.validator.internal.util.Version  - HV000001: Hibernate Validator 8.0.3.Final
26-02-05 16:32:50.766 [restartedMain] INFO  c.s.m.discodeit.DiscodeitApplication - Starting DiscodeitApplication using Java 17.0.16 with PID 4332 (C:\myWS\8-sprint-mission\build\classes\java\main started by wj in C:\myWS\8-sprint-mission)
26-02-05 16:32:50.766 [restartedMain] DEBUG c.s.m.discodeit.DiscodeitApplication - Running with Spring Boot v3.5.8, Spring v6.2.14
26-02-05 16:32:50.767 [restartedMain] INFO  c.s.m.discodeit.DiscodeitApplication - The following 1 profile is active: "dev"
26-02-05 16:32:50.823 [restartedMain] INFO  o.s.b.d.e.DevToolsPropertyDefaultsPostProcessor - Devtools property defaults active! Set 'spring.devtools.add-properties' to 'false' to disable
26-02-05 16:32:50.823 [restartedMain] INFO  o.s.b.d.e.DevToolsPropertyDefaultsPostProcessor - For additional web related logging consider setting the 'logging.level.web' property to 'DEBUG'
26-02-05 16:32:52.146 [restartedMain] INFO  o.s.d.r.c.RepositoryConfigurationDelegate - Bootstrapping Spring Data JPA repositories in DEFAULT mode.
26-02-05 16:32:52.241 [restartedMain] INFO  o.s.d.r.c.RepositoryConfigurationDelegate - Finished Spring Data repository scanning in 86 ms. Found 6 JPA repository interfaces.
26-02-05 16:32:53.053 [restartedMain] INFO  o.s.b.w.e.tomcat.TomcatWebServer     - Tomcat initialized with port 8080 (http)
26-02-05 16:32:53.072 [restartedMain] INFO  o.a.coyote.http11.Http11NioProtocol  - Initializing ProtocolHandler ["http-nio-8080"]
26-02-05 16:32:53.074 [restartedMain] INFO  o.a.catalina.core.StandardService    - Starting service [Tomcat]
26-02-05 16:32:53.074 [restartedMain] INFO  o.a.catalina.core.StandardEngine     - Starting Servlet engine: [Apache Tomcat/10.1.49]
26-02-05 16:32:53.192 [restartedMain] INFO  o.a.c.c.C.[Tomcat].[localhost].[/]   - Initializing Spring embedded WebApplicationContext
26-02-05 16:32:53.193 [restartedMain] INFO  o.s.b.w.s.c.ServletWebServerApplicationContext - Root WebApplicationContext: initialization completed in 2369 ms
26-02-05 16:32:53.376 [restartedMain] INFO  com.zaxxer.hikari.HikariDataSource   - HikariPool-1 - Starting...
26-02-05 16:32:53.695 [restartedMain] INFO  com.zaxxer.hikari.pool.HikariPool    - HikariPool-1 - Added connection org.postgresql.jdbc.PgConnection@777c0852
26-02-05 16:32:53.697 [restartedMain] INFO  com.zaxxer.hikari.HikariDataSource   - HikariPool-1 - Start completed.
26-02-05 16:32:53.809 [restartedMain] INFO  o.h.jpa.internal.util.LogHelper      - HHH000204: Processing PersistenceUnitInfo [name: default]
26-02-05 16:32:53.947 [restartedMain] INFO  org.hibernate.Version                - HHH000412: Hibernate ORM core version 6.6.36.Final
26-02-05 16:32:54.011 [restartedMain] INFO  o.h.c.i.RegionFactoryInitiator       - HHH000026: Second-level cache disabled
26-02-05 16:32:54.437 [restartedMain] INFO  o.s.o.j.p.SpringPersistenceUnitInfo  - No LoadTimeWeaver setup: ignoring JPA class transformer
26-02-05 16:32:54.565 [restartedMain] INFO  o.hibernate.orm.connections.pooling  - HHH10001005: Database info:
	Database JDBC URL [Connecting through datasource 'HikariDataSource (HikariPool-1)']
	Database driver: undefined/unknown
	Database version: 17.7
	Autocommit mode: undefined/unknown
	Isolation level: undefined/unknown
	Minimum pool size: undefined/unknown
	Maximum pool size: undefined/unknown
26-02-05 16:32:55.893 [restartedMain] INFO  o.h.e.t.j.p.i.JtaPlatformInitiator   - HHH000489: No JTA platform available (set 'hibernate.transaction.jta.platform' to enable JTA platform integration)
26-02-05 16:32:55.958 [restartedMain] DEBUG org.hibernate.SQL                    - 
    alter table if exists binary_contents 
       alter column content_type set data type varchar(100)
26-02-05 16:32:55.984 [restartedMain] DEBUG org.hibernate.SQL                    - 
    alter table if exists channels 
       alter column type set data type varchar(255)
26-02-05 16:32:56.007 [restartedMain] DEBUG org.hibernate.SQL                    - 
    alter table if exists read_statuses 
       drop constraint if exists UKqttel343c4eq691kcxipoixr7
26-02-05 16:32:56.008 [restartedMain] WARN  o.h.e.jdbc.spi.SqlExceptionHelper    - SQL Warning Code: 0, SQLState: 00000
26-02-05 16:32:56.009 [restartedMain] WARN  o.h.e.jdbc.spi.SqlExceptionHelper    - constraint "ukqttel343c4eq691kcxipoixr7" of relation "read_statuses" does not exist, skipping
26-02-05 16:32:56.009 [restartedMain] DEBUG org.hibernate.SQL                    - 
    alter table if exists read_statuses 
       add constraint UKqttel343c4eq691kcxipoixr7 unique (user_id, channel_id)
26-02-05 16:32:56.110 [restartedMain] INFO  o.s.o.j.LocalContainerEntityManagerFactoryBean - Initialized JPA EntityManagerFactory for persistence unit 'default'
26-02-05 16:32:56.581 [restartedMain] INFO  o.s.d.j.r.query.QueryEnhancerFactory - Hibernate is in classpath; If applicable, HQL parser will be used.
26-02-05 16:32:57.347 [restartedMain] INFO  o.s.b.a.w.s.WelcomePageHandlerMapping - Adding welcome page: class path resource [static/index.html]
26-02-05 16:32:57.814 [restartedMain] INFO  o.s.b.d.a.OptionalLiveReloadServer   - LiveReload server is running on port 35729
26-02-05 16:32:57.839 [restartedMain] INFO  o.a.coyote.http11.Http11NioProtocol  - Starting ProtocolHandler ["http-nio-8080"]
26-02-05 16:32:57.857 [restartedMain] INFO  o.s.b.w.e.tomcat.TomcatWebServer     - Tomcat started on port 8080 (http) with context path '/'
26-02-05 16:32:57.867 [restartedMain] INFO  c.s.m.discodeit.DiscodeitApplication - Started DiscodeitApplication in 7.845 seconds (process running for 9.028)
26-02-05 16:36:18.212 [SpringApplicationShutdownHook] INFO  o.s.b.w.e.tomcat.GracefulShutdown    - Commencing graceful shutdown. Waiting for active requests to complete
26-02-05 16:36:18.262 [tomcat-shutdown] INFO  o.s.b.w.e.tomcat.GracefulShutdown    - Graceful shutdown complete
26-02-05 16:36:18.266 [SpringApplicationShutdownHook] INFO  o.s.o.j.LocalContainerEntityManagerFactoryBean - Closing JPA EntityManagerFactory for persistence unit 'default'
26-02-05 16:36:18.269 [SpringApplicationShutdownHook] INFO  com.zaxxer.hikari.HikariDataSource   - HikariPool-1 - Shutdown initiated...
26-02-05 16:36:18.271 [SpringApplicationShutdownHook] INFO  com.zaxxer.hikari.HikariDataSource   - HikariPool-1 - Shutdown completed.
26-02-05 18:04:38.688 [background-preinit] INFO  o.h.validator.internal.util.Version  - HV000001: Hibernate Validator 8.0.3.Final
26-02-05 18:04:38.751 [restartedMain] INFO  c.s.m.discodeit.DiscodeitApplication - Starting DiscodeitApplication using Java 17.0.16 with PID 17792 (C:\myWS\8-sprint-mission\build\classes\java\main started by wj in C:\myWS\8-sprint-mission)
26-02-05 18:04:38.752 [restartedMain] DEBUG c.s.m.discodeit.DiscodeitApplication - Running with Spring Boot v3.5.8, Spring v6.2.14
26-02-05 18:04:38.753 [restartedMain] INFO  c.s.m.discodeit.DiscodeitApplication - The following 1 profile is active: "dev"
26-02-05 18:04:38.806 [restartedMain] INFO  o.s.b.d.e.DevToolsPropertyDefaultsPostProcessor - Devtools property defaults active! Set 'spring.devtools.add-properties' to 'false' to disable
26-02-05 18:04:38.806 [restartedMain] INFO  o.s.b.d.e.DevToolsPropertyDefaultsPostProcessor - For additional web related logging consider setting the 'logging.level.web' property to 'DEBUG'
26-02-05 18:04:39.800 [restartedMain] INFO  o.s.d.r.c.RepositoryConfigurationDelegate - Bootstrapping Spring Data JPA repositories in DEFAULT mode.
26-02-05 18:04:39.873 [restartedMain] INFO  o.s.d.r.c.RepositoryConfigurationDelegate - Finished Spring Data repository scanning in 66 ms. Found 6 JPA repository interfaces.
26-02-05 18:04:40.527 [restartedMain] INFO  o.s.b.w.e.tomcat.TomcatWebServer     - Tomcat initialized with port 8080 (http)
26-02-05 18:04:40.540 [restartedMain] INFO  o.a.coyote.http11.Http11NioProtocol  - Initializing ProtocolHandler ["http-nio-8080"]
26-02-05 18:04:40.543 [restartedMain] INFO  o.a.catalina.core.StandardService    - Starting service [Tomcat]
26-02-05 18:04:40.543 [restartedMain] INFO  o.a.catalina.core.StandardEngine     - Starting Servlet engine: [Apache Tomcat/10.1.49]
26-02-05 18:04:40.598 [restartedMain] INFO  o.a.c.c.C.[Tomcat].[localhost].[/]   - Initializing Spring embedded WebApplicationContext
26-02-05 18:04:40.598 [restartedMain] INFO  o.s.b.w.s.c.ServletWebServerApplicationContext - Root WebApplicationContext: initialization completed in 1792 ms
26-02-05 18:04:40.682 [restartedMain] INFO  com.zaxxer.hikari.HikariDataSource   - HikariPool-1 - Starting...
26-02-05 18:04:40.902 [restartedMain] INFO  com.zaxxer.hikari.pool.HikariPool    - HikariPool-1 - Added connection org.postgresql.jdbc.PgConnection@40fd69ed
26-02-05 18:04:40.904 [restartedMain] INFO  com.zaxxer.hikari.HikariDataSource   - HikariPool-1 - Start completed.
26-02-05 18:04:40.983 [restartedMain] INFO  o.h.jpa.internal.util.LogHelper      - HHH000204: Processing PersistenceUnitInfo [name: default]
26-02-05 18:04:41.169 [restartedMain] INFO  org.hibernate.Version                - HHH000412: Hibernate ORM core version 6.6.36.Final
26-02-05 18:04:41.207 [restartedMain] INFO  o.h.c.i.RegionFactoryInitiator       - HHH000026: Second-level cache disabled
26-02-05 18:04:41.573 [restartedMain] INFO  o.s.o.j.p.SpringPersistenceUnitInfo  - No LoadTimeWeaver setup: ignoring JPA class transformer
26-02-05 18:04:41.674 [restartedMain] INFO  o.hibernate.orm.connections.pooling  - HHH10001005: Database info:
	Database JDBC URL [Connecting through datasource 'HikariDataSource (HikariPool-1)']
	Database driver: undefined/unknown
	Database version: 17.7
	Autocommit mode: undefined/unknown
	Isolation level: undefined/unknown
	Minimum pool size: undefined/unknown
	Maximum pool size: undefined/unknown
26-02-05 18:04:42.870 [restartedMain] INFO  o.h.e.t.j.p.i.JtaPlatformInitiator   - HHH000489: No JTA platform available (set 'hibernate.transaction.jta.platform' to enable JTA platform integration)
26-02-05 18:04:43.007 [restartedMain] INFO  o.s.o.j.LocalContainerEntityManagerFactoryBean - Initialized JPA EntityManagerFactory for persistence unit 'default'
26-02-05 18:04:43.257 [restartedMain] INFO  o.s.d.j.r.query.QueryEnhancerFactory - Hibernate is in classpath; If applicable, HQL parser will be used.
26-02-05 18:04:43.974 [restartedMain] INFO  o.s.b.a.w.s.WelcomePageHandlerMapping - Adding welcome page: class path resource [static/index.html]
26-02-05 18:04:44.441 [restartedMain] INFO  o.s.b.d.a.OptionalLiveReloadServer   - LiveReload server is running on port 35729
26-02-05 18:04:44.460 [restartedMain] INFO  o.a.coyote.http11.Http11NioProtocol  - Starting ProtocolHandler ["http-nio-8080"]
26-02-05 18:04:44.479 [restartedMain] INFO  o.s.b.w.e.tomcat.TomcatWebServer     - Tomcat started on port 8080 (http) with context path '/'
26-02-05 18:04:44.490 [restartedMain] INFO  c.s.m.discodeit.DiscodeitApplication - Started DiscodeitApplication in 6.397 seconds (process running for 6.997)
26-02-05 18:04:50.242 [http-nio-8080-exec-1] INFO  o.a.c.c.C.[Tomcat].[localhost].[/]   - Initializing Spring DispatcherServlet 'dispatcherServlet'
26-02-05 18:04:50.243 [http-nio-8080-exec-1] INFO  o.s.web.servlet.DispatcherServlet    - Initializing Servlet 'dispatcherServlet'
26-02-05 18:04:50.245 [http-nio-8080-exec-1] INFO  o.s.web.servlet.DispatcherServlet    - Completed initialization in 2 ms
26-02-05 18:04:50.345 [http-nio-8080-exec-1] WARN  o.s.w.s.m.m.a.ExceptionHandlerExceptionResolver - Resolved [com.sprint.mission.discodeit.exception.UserNotFoundException: 해당 사용자를 찾을 수 없습니다.]
26-02-05 18:05:15.596 [SpringApplicationShutdownHook] INFO  o.s.b.w.e.tomcat.GracefulShutdown    - Commencing graceful shutdown. Waiting for active requests to complete
26-02-05 18:05:15.656 [tomcat-shutdown] INFO  o.s.b.w.e.tomcat.GracefulShutdown    - Graceful shutdown complete
26-02-05 18:05:15.663 [SpringApplicationShutdownHook] INFO  o.s.o.j.LocalContainerEntityManagerFactoryBean - Closing JPA EntityManagerFactory for persistence unit 'default'
26-02-05 18:05:15.666 [SpringApplicationShutdownHook] INFO  com.zaxxer.hikari.HikariDataSource   - HikariPool-1 - Shutdown initiated...
26-02-05 18:05:15.675 [SpringApplicationShutdownHook] INFO  com.zaxxer.hikari.HikariDataSource   - HikariPool-1 - Shutdown completed.
